<?xml version="1.0" encoding="UTF-8"?>
<!-- Generated by org.testng.reporters.JUnitReportReporter -->
<testsuite hostname="PuvithaParani" failures="0" tests="9" name="flightTicketbooking" time="8.154" errors="0" timestamp="2023-10-02T22:15:09 IST" skipped="2">
  <testcase classname="flightTicketbooking" name="selectingFromCity" time="1.727"/>
  <testcase classname="flightTicketbooking" name="closeLoginPopup" time="2.974"/>
  <testcase classname="flightTicketbooking" name="tripType" time="0.144"/>
  <testcase classname="flightTicketbooking" name="departureDate" time="0.129"/>
  <testcase classname="flightTicketbooking" name="selectingToCity" time="1.683"/>
  <testcase classname="flightTicketbooking" name="travellerDetails" time="0.821"/>
  <testcase classname="flightTicketbooking" name="homePageSearchButton" time="0.676"/>
  <testcase classname="flightTicketbooking" name="loggingIn">
    <skipped/>
  </testcase> <!-- loggingIn -->
  <testcase classname="flightTicketbooking" name="hyperlinkCheck">
    <skipped/>
  </testcase> <!-- hyperlinkCheck -->
</testsuite> <!-- flightTicketbooking -->
